2018-09-20 14:55:56.586  INFO 3549 --- [main] com.nie.elevator.Application             : Starting Application on McValpre.local with PID 3549 (started by McNkanyiso in /Users/McNkanyiso/algorithms)
2018-09-20 14:55:56.623  INFO 3549 --- [main] ationConfigEmbeddedWebApplicationContext : Refreshing org.springframework.boot.context.embedded.AnnotationConfigEmbeddedWebApplicationContext@58a90037: startup date [Thu Sep 20 14:55:56 SAST 2018]; root of context hierarchy
2018-09-20 14:55:57.770  INFO 3549 --- [main] o.s.b.f.s.DefaultListableBeanFactory     : Overriding bean definition for bean 'beanNameViewResolver': replacing [Root bean: class [null]; scope=; abstract=false; lazyInit=false; autowireMode=3; dependencyCheck=0; autowireCandidate=true; primary=false; factoryBeanName=org.springframework.boot.autoconfigure.web.ErrorMvcAutoConfiguration$WhitelabelErrorViewConfiguration; factoryMethodName=beanNameViewResolver; initMethodName=null; destroyMethodName=(inferred); defined in class path resource [org/springframework/boot/autoconfigure/web/ErrorMvcAutoConfiguration$WhitelabelErrorViewConfiguration.class]] with [Root bean: class [null]; scope=; abstract=false; lazyInit=false; autowireMode=3; dependencyCheck=0; autowireCandidate=true; primary=false; factoryBeanName=org.springframework.boot.autoconfigure.web.WebMvcAutoConfiguration$WebMvcAutoConfigurationAdapter; factoryMethodName=beanNameViewResolver; initMethodName=null; destroyMethodName=(inferred); defined in class path resource [org/springframework/boot/autoconfigure/web/WebMvcAutoConfiguration$WebMvcAutoConfigurationAdapter.class]]
2018-09-20 14:55:58.642  INFO 3549 --- [main] trationDelegate$BeanPostProcessorChecker : Bean 'org.springframework.scheduling.annotation.ProxyAsyncConfiguration' of type [class org.springframework.scheduling.annotation.ProxyAsyncConfiguration$$EnhancerBySpringCGLIB$$ee4c2c29] is not eligible for getting processed by all BeanPostProcessors (for example: not eligible for auto-proxying)
2018-09-20 14:55:58.804  INFO 3549 --- [main] trationDelegate$BeanPostProcessorChecker : Bean 'org.springframework.transaction.annotation.ProxyTransactionManagementConfiguration' of type [class org.springframework.transaction.annotation.ProxyTransactionManagementConfiguration$$EnhancerBySpringCGLIB$$d727b3e8] is not eligible for getting processed by all BeanPostProcessors (for example: not eligible for auto-proxying)
2018-09-20 14:55:58.838  INFO 3549 --- [main] trationDelegate$BeanPostProcessorChecker : Bean 'transactionAttributeSource' of type [class org.springframework.transaction.annotation.AnnotationTransactionAttributeSource] is not eligible for getting processed by all BeanPostProcessors (for example: not eligible for auto-proxying)
2018-09-20 14:55:58.868  INFO 3549 --- [main] trationDelegate$BeanPostProcessorChecker : Bean 'transactionInterceptor' of type [class org.springframework.transaction.interceptor.TransactionInterceptor] is not eligible for getting processed by all BeanPostProcessors (for example: not eligible for auto-proxying)
2018-09-20 14:55:58.876  INFO 3549 --- [main] trationDelegate$BeanPostProcessorChecker : Bean 'org.springframework.transaction.config.internalTransactionAdvisor' of type [class org.springframework.transaction.interceptor.BeanFactoryTransactionAttributeSourceAdvisor] is not eligible for getting processed by all BeanPostProcessors (for example: not eligible for auto-proxying)
2018-09-20 14:55:59.326  INFO 3549 --- [main] s.b.c.e.t.TomcatEmbeddedServletContainer : Tomcat initialized with port(s): 8081 (http)
2018-09-20 14:55:59.517  INFO 3549 --- [main] o.apache.catalina.core.StandardService   : Starting service Tomcat
2018-09-20 14:55:59.518  INFO 3549 --- [main] org.apache.catalina.core.StandardEngine  : Starting Servlet Engine: Apache Tomcat/8.0.23
2018-09-20 14:55:59.608  INFO 3549 --- [localhost-startStop-1] o.a.c.c.C.[Tomcat].[localhost].[/]       : Initializing Spring embedded WebApplicationContext
2018-09-20 14:55:59.609  INFO 3549 --- [localhost-startStop-1] o.s.web.context.ContextLoader            : Root WebApplicationContext: initialization completed in 2985 ms
2018-09-20 14:56:00.339  INFO 3549 --- [localhost-startStop-1] o.s.b.c.e.ServletRegistrationBean        : Mapping servlet: 'dispatcherServlet' to [/]
2018-09-20 14:56:00.359  INFO 3549 --- [localhost-startStop-1] o.s.b.c.embedded.FilterRegistrationBean  : Mapping filter: 'characterEncodingFilter' to: [/*]
2018-09-20 14:56:00.360  INFO 3549 --- [localhost-startStop-1] o.s.b.c.embedded.FilterRegistrationBean  : Mapping filter: 'hiddenHttpMethodFilter' to: [/*]
2018-09-20 14:56:00.667  INFO 3549 --- [main] j.LocalContainerEntityManagerFactoryBean : Building JPA container EntityManagerFactory for persistence unit 'default'
2018-09-20 14:56:00.671  INFO 3549 --- [main] o.hibernate.jpa.internal.util.LogHelper  : HHH000204: Processing PersistenceUnitInfo [
	name: default
	...]
2018-09-20 14:56:00.720  INFO 3549 --- [main] org.hibernate.Version                    : HHH000412: Hibernate Core {4.3.10.Final}
2018-09-20 14:56:00.721  INFO 3549 --- [main] org.hibernate.cfg.Environment            : HHH000206: hibernate.properties not found
2018-09-20 14:56:00.722  INFO 3549 --- [main] org.hibernate.cfg.Environment            : HHH000021: Bytecode provider name : javassist
2018-09-20 14:56:00.891  INFO 3549 --- [main] o.hibernate.annotations.common.Version   : HCANN000001: Hibernate Commons Annotations {4.0.5.Final}
2018-09-20 14:56:01.061  INFO 3549 --- [main] org.hibernate.dialect.Dialect            : HHH000400: Using dialect: org.hibernate.dialect.H2Dialect
2018-09-20 14:56:01.161  INFO 3549 --- [main] o.h.h.i.ast.ASTQueryTranslatorFactory    : HHH000397: Using ASTQueryTranslatorFactory
2018-09-20 14:56:01.306  INFO 3549 --- [main] org.hibernate.tool.hbm2ddl.SchemaExport  : HHH000227: Running hbm2ddl schema export
2018-09-20 14:56:01.314  INFO 3549 --- [main] org.hibernate.tool.hbm2ddl.SchemaExport  : HHH000230: Schema export complete
2018-09-20 14:56:01.812  INFO 3549 --- [main] s.w.s.m.m.a.RequestMappingHandlerAdapter : Looking for @ControllerAdvice: org.springframework.boot.context.embedded.AnnotationConfigEmbeddedWebApplicationContext@58a90037: startup date [Thu Sep 20 14:55:56 SAST 2018]; root of context hierarchy
2018-09-20 14:56:01.845  INFO 3549 --- [main] s.w.s.m.m.a.RequestMappingHandlerMapping : Mapped "{[/elevatormovements],methods=[GET]}" onto public java.util.List<com.nie.elevator.model.ElevatorMovement> com.nie.elevator.controller.ElevatorMovementController.findElevatorMovements()
2018-09-20 14:56:01.846  INFO 3549 --- [main] s.w.s.m.m.a.RequestMappingHandlerMapping : Mapped "{[/elevatormovements/{elevatorID}],methods=[GET]}" onto public java.util.List<com.nie.elevator.model.ElevatorMovement> com.nie.elevator.controller.ElevatorMovementController.findElevatorMovementsOfElevator(java.lang.String)
2018-09-20 14:56:01.847  INFO 3549 --- [main] s.w.s.m.m.a.RequestMappingHandlerMapping : Mapped "{[/elevators/floorNo/{floorNo}/toFloorNo/{toFloorNo}/noOfPeople/{noOfPeople}],methods=[GET]}" onto public com.nie.elevator.business.Elevator com.nie.elevator.controller.ElevatorController.requestElevator(int,int,int)
2018-09-20 14:56:01.847  INFO 3549 --- [main] s.w.s.m.m.a.RequestMappingHandlerMapping : Mapped "{[/elevators],methods=[GET]}" onto public java.util.List<com.nie.elevator.business.Elevator> com.nie.elevator.controller.ElevatorController.findElevators()
2018-09-20 14:56:01.848  INFO 3549 --- [main] s.w.s.m.m.a.RequestMappingHandlerMapping : Mapped "{[/error]}" onto public org.springframework.http.ResponseEntity<java.util.Map<java.lang.String, java.lang.Object>> org.springframework.boot.autoconfigure.web.BasicErrorController.error(javax.servlet.http.HttpServletRequest)
2018-09-20 14:56:01.848  INFO 3549 --- [main] s.w.s.m.m.a.RequestMappingHandlerMapping : Mapped "{[/error],produces=[text/html]}" onto public org.springframework.web.servlet.ModelAndView org.springframework.boot.autoconfigure.web.BasicErrorController.errorHtml(javax.servlet.http.HttpServletRequest)
2018-09-20 14:56:01.852  INFO 3549 --- [main] o.s.w.s.c.a.WebMvcConfigurerAdapter      : Adding welcome page: file:/Users/McNkanyiso/Downloads/Web%20Dev%20Projects/ElevatorApplication-master/target/classes/static/index.html
2018-09-20 14:56:01.859  INFO 3549 --- [main] o.s.w.s.handler.SimpleUrlHandlerMapping  : Root mapping to handler of type [class org.springframework.web.servlet.mvc.ParameterizableViewController]
2018-09-20 14:56:01.866  INFO 3549 --- [main] o.s.w.s.handler.SimpleUrlHandlerMapping  : Mapped URL path [/webjars/**] onto handler of type [class org.springframework.web.servlet.resource.ResourceHttpRequestHandler]
2018-09-20 14:56:01.866  INFO 3549 --- [main] o.s.w.s.handler.SimpleUrlHandlerMapping  : Mapped URL path [/**] onto handler of type [class org.springframework.web.servlet.resource.ResourceHttpRequestHandler]
2018-09-20 14:56:01.896  INFO 3549 --- [main] o.s.w.s.handler.SimpleUrlHandlerMapping  : Mapped URL path [/**/favicon.ico] onto handler of type [class org.springframework.web.servlet.resource.ResourceHttpRequestHandler]
2018-09-20 14:56:02.000  INFO 3549 --- [main] o.s.j.e.a.AnnotationMBeanExporter        : Registering beans for JMX exposure on startup
2018-09-20 14:56:02.061  INFO 3549 --- [main] s.b.c.e.t.TomcatEmbeddedServletContainer : Tomcat started on port(s): 8081 (http)
2018-09-20 14:56:02.063  INFO 3549 --- [main] com.nie.elevator.Application             : Started Application in 5.621 seconds (JVM running for 6.084)
2018-09-20 14:56:13.596  INFO 3549 --- [http-nio-8081-exec-1] o.a.c.c.C.[Tomcat].[localhost].[/]       : Initializing Spring FrameworkServlet 'dispatcherServlet'
2018-09-20 14:56:13.597  INFO 3549 --- [http-nio-8081-exec-1] o.s.web.servlet.DispatcherServlet        : FrameworkServlet 'dispatcherServlet': initialization started
2018-09-20 14:56:13.611  INFO 3549 --- [http-nio-8081-exec-1] o.s.web.servlet.DispatcherServlet        : FrameworkServlet 'dispatcherServlet': initialization completed in 14 ms
2018-09-20 14:56:24.481  INFO 3549 --- [http-nio-8081-exec-1] c.n.e.controller.ElevatorController      : Request elevator for floorNo:10, toFloorNo:7, noOfPeople:5
2018-09-20 14:56:24.482  INFO 3549 --- [http-nio-8081-exec-1] c.n.e.controller.ElevatorController      : Scheduled elevator A
2018-09-20 14:56:39.433  INFO 3549 --- [http-nio-8081-exec-10] c.n.e.controller.ElevatorController      : Request elevator for floorNo:9, toFloorNo:6, noOfPeople:5
2018-09-20 14:56:39.434  INFO 3549 --- [http-nio-8081-exec-10] c.n.e.controller.ElevatorController      : Scheduled elevator B
2018-09-20 14:57:11.939  INFO 3549 --- [http-nio-8081-exec-7] c.n.e.controller.ElevatorController      : Request elevator for floorNo:5, toFloorNo:8, noOfPeople:5
2018-09-20 14:57:11.939  INFO 3549 --- [http-nio-8081-exec-7] c.n.e.controller.ElevatorController      : Scheduled elevator B
2018-09-20 14:57:15.209  INFO 3549 --- [http-nio-8081-exec-10] c.n.e.controller.ElevatorController      : Request elevator for floorNo:4, toFloorNo:10, noOfPeople:5
2018-09-20 14:57:15.209  INFO 3549 --- [http-nio-8081-exec-10] c.n.e.controller.ElevatorController      : Scheduled elevator A
2018-09-20 14:57:19.036  INFO 3549 --- [http-nio-8081-exec-3] c.n.e.controller.ElevatorController      : Request elevator for floorNo:3, toFloorNo:9, noOfPeople:5
2018-09-20 14:57:19.036  INFO 3549 --- [http-nio-8081-exec-3] c.n.e.controller.ElevatorController      : Scheduled elevator C
2018-09-20 14:57:21.613  INFO 3549 --- [http-nio-8081-exec-5] c.n.e.controller.ElevatorController      : Request elevator for floorNo:2, toFloorNo:7, noOfPeople:5
2018-09-20 14:57:21.614  INFO 3549 --- [http-nio-8081-exec-5] c.n.e.controller.ElevatorController      : Scheduled elevator D
2018-09-20 14:57:28.594  INFO 3549 --- [http-nio-8081-exec-9] c.n.e.controller.ElevatorController      : Request elevator for floorNo:1, toFloorNo:10, noOfPeople:5
2018-09-20 14:58:00.488  INFO 3549 --- [http-nio-8081-exec-6] c.n.e.controller.ElevatorController      : Request elevator for floorNo:2, toFloorNo:8, noOfPeople:8
2018-09-20 14:58:00.489  INFO 3549 --- [http-nio-8081-exec-6] c.n.e.controller.ElevatorController      : Scheduled elevator D
2018-09-20 14:58:28.575  INFO 3549 --- [http-nio-8081-exec-1] c.n.e.controller.ElevatorController      : Request elevator for floorNo:1, toFloorNo:6, noOfPeople:5
2018-09-20 14:58:28.576  INFO 3549 --- [http-nio-8081-exec-1] c.n.e.controller.ElevatorController      : Scheduled elevator B
2018-09-20 15:06:47.987  INFO 3549 --- [Thread-1] ationConfigEmbeddedWebApplicationContext : Closing org.springframework.boot.context.embedded.AnnotationConfigEmbeddedWebApplicationContext@58a90037: startup date [Thu Sep 20 14:55:56 SAST 2018]; root of context hierarchy
2018-09-20 15:06:47.988  INFO 3549 --- [Thread-1] o.s.j.e.a.AnnotationMBeanExporter        : Unregistering JMX-exposed beans on shutdown
2018-09-20 15:06:47.990  INFO 3549 --- [Thread-1] j.LocalContainerEntityManagerFactoryBean : Closing JPA EntityManagerFactory for persistence unit 'default'
2018-09-20 15:06:47.990  INFO 3549 --- [Thread-1] org.hibernate.tool.hbm2ddl.SchemaExport  : HHH000227: Running hbm2ddl schema export
2018-09-20 15:06:47.993  INFO 3549 --- [Thread-1] org.hibernate.tool.hbm2ddl.SchemaExport  : HHH000230: Schema export complete
